build/app/outputs/mapping/release/usage.txt
com.example.recommendation_sy_stem.R$drawable
com.example.recommendation_sy_stem.R$color
com.example.recommendation_sy_stem.R$integer
com.example.recommendation_sy_stem.R
com.example.recommendation_sy_stem.R$styleable
com.example.recommendation_sy_stem.R$style
com.example.recommendation_sy_stem.R$attr
com.example.recommendation_sy_stem.R$dimen
com.example.recommendation_sy_stem.R$mipmap
com.example.recommendation_sy_stem.BuildConfig
com.example.recommendation_sy_stem.R$id
com.example.recommendation_sy_stem.R$string
com.example.recommendation_sy_stem.R$layout
...
kotlin.text.Charsets
kotlin.coroutines.ContinuationInterceptor
kotlin.jvm.internal.BooleanSpreadBuilder
kotlin.jvm.Throws
kotlin.system.ProcessKt
kotlin.jvm.internal.PropertyReference
androidx.versionedparcelable.VersionedParcel$1
kotlin.io.FilesKt__UtilsKt$copyRecursively$1
androidx.fragment.app.FragmentFactory
androidx.customview.widget.ExploreByTouchHelper$2
kotlin.jvm.internal.DoubleSpreadBuilder
kotlin.jvm.internal.MutablePropertyReference
kotlin.reflect.KProperty2$Getter
androidx.viewpager.R$string
androidx.core.app.ActivityOptionsCompat$ActivityOptionsCompatImpl
kotlin.math.Constants
org.intellij.lang.annotations.Language
androidx.core.app.ActivityRecreator
kotlin.internal.PlatformDependent
kotlin.jvm.internal.ArrayDoubleIterator
kotlin.ranges.RangesKt
androidx.versionedparcelable.NonParcelField
kotlin.random.FallbackThreadLocalRandom$implStorage$1
androidx.fragment.app.FragmentPagerAdapter
androidx.core.view.GravityCompat
androidx.annotation.IntegerRes
kotlin.ranges.LongProgression$Companion
kotlin.reflect.KMutableProperty$Setter
kotlin.sequences.SequencesKt___SequencesKt$zip$1
androidx.annotation.InspectableProperty$ValueType
kotlin.coroutines.intrinsics.IntrinsicsKt__IntrinsicsJvmKt$createCoroutineUnintercepted$$inlined$createCoroutineFromSuspendFunction$IntrinsicsKt__IntrinsicsJvmKt$3
androidx.arch.core.executor.DefaultTaskExecutor
androidx.core.R
kotlin.jvm.functions.Function1
kotlin.reflect.KClass$DefaultImpls
androidx.core.view.accessibility.AccessibilityNodeInfoCompat$CollectionItemInfoCompat
kotlin.coroutines.experimental.CoroutineContext$Element$DefaultImpls
kotlin.random.Random$Companion
kotlin.jvm.internal.FloatCompanionObject
kotlin.properties.ReadOnlyProperty
androidx.core.view.ViewPropertyAnimatorListenerAdapter
io.flutter.plugin.common.StandardMessageCodec:
    private static final java.lang.String TAG
    private static final byte NULL
    private static final byte TRUE
    private static final byte FALSE
    private static final byte INT
    private static final byte LONG
    private static final byte BIGINT
    private static final byte DOUBLE
    private static final byte STRING
    private static final byte BYTE_ARRAY
    private static final byte INT_ARRAY
    private static final byte LONG_ARRAY
    private static final byte DOUBLE_ARRAY
    private static final byte LIST
    private static final byte MAP
    private static final byte FLOAT_ARRAY
kotlin.jvm.internal.ClassBasedDeclarationContainer
kotlin.experimental.ExperimentalTypeInference
kotlin.ranges.ComparableRange
kotlin.collections.UShortIterator
androidx.core.app.NotificationManagerCompat$NotifyTask
androidx.fragment.app.FragmentManagerImpl
androidx.core.content.pm.ShortcutInfoCompat
kotlin.jvm.internal.Ref$BooleanRef
io.flutter.embedding.android.FlutterSplashView:
    public void <init>(android.content.Context,android.util.AttributeSet)
androidx.core.view.accessibility.AccessibilityNodeProviderCompat$AccessibilityNodeProviderApi16
kotlin.sequences.SequencesKt__SequencesKt$flatten$1
androidx.core.view.NestedScrollingParent
io.flutter.plugin.common.EventChannel$1
androidx.core.app.NotificationCompat$Extender
androidx.fragment.app.ListFragment
kotlin.collections.CollectionsKt___CollectionsKt$asSequence$$inlined$Sequence$1
androidx.core.graphics.TypefaceCompatApi24Impl
kotlin.io.FileAlreadyExistsException
androidx.core.provider.FontsContractCompat$4$1
androidx.lifecycle.Observer:
    public abstract void onChanged(java.lang.Object)
kotlin.io.NoSuchFileException
kotlin.sequences.SequencesKt___SequencesKt$sorted$1
androidx.viewpager.R$dimen
io.flutter.app.FlutterApplication
androidx.core.view.LayoutInflaterCompat$Factory2Wrapper
kotlin.collections.unsigned.UArraysKt___UArraysKt
kotlin.sequences.DropWhileSequence
org.intellij.lang.annotations.JdkConstants$TitledBorderJustification
androidx.core.app.NotificationCompat$CarExtender$UnreadConversation$Builder
androidx.loader.content.ModernAsyncTask